2023-02-09 15:34:13.436 [ERRO] errorHandler.go:16: exception recovered: handler_api_test_panic 抛出异常
Stack:
1.  demo_backend/middleware.MiddlewareErrorHandler
    C:/Users/Administrator/Desktop/demo_backend/middleware/errorHandler.go:16
2.  github.com/gogf/gf/v2/net/ghttp.(*middleware).Next.func1.5
    C:/Users/Administrator/go/pkg/mod/github.com/gogf/gf/v2@v2.3.1/net/ghttp/ghttp_request_middleware.go:96
3.  github.com/gogf/gf/v2/net/ghttp.niceCallFunc
    C:/Users/Administrator/go/pkg/mod/github.com/gogf/gf/v2@v2.3.1/net/ghttp/ghttp_func.go:55
4.  github.com/gogf/gf/v2/net/ghttp.(*middleware).Next.func1
    C:/Users/Administrator/go/pkg/mod/github.com/gogf/gf/v2@v2.3.1/net/ghttp/ghttp_request_middleware.go:95
5.  github.com/gogf/gf/v2/util/gutil.TryCatch
    C:/Users/Administrator/go/pkg/mod/github.com/gogf/gf/v2@v2.3.1/util/gutil/gutil.go:56
6.  github.com/gogf/gf/v2/net/ghttp.(*middleware).Next
    C:/Users/Administrator/go/pkg/mod/github.com/gogf/gf/v2@v2.3.1/net/ghttp/ghttp_request_middleware.go:49
7.  demo_backend/middleware.MiddlewareLog
    C:/Users/Administrator/Desktop/demo_backend/middleware/middlewareLog.go:10
8.  github.com/gogf/gf/v2/net/ghttp.(*middleware).Next.func1.5
    C:/Users/Administrator/go/pkg/mod/github.com/gogf/gf/v2@v2.3.1/net/ghttp/ghttp_request_middleware.go:96
9.  github.com/gogf/gf/v2/net/ghttp.niceCallFunc
    C:/Users/Administrator/go/pkg/mod/github.com/gogf/gf/v2@v2.3.1/net/ghttp/ghttp_func.go:55
10. github.com/gogf/gf/v2/net/ghttp.(*middleware).Next.func1
    C:/Users/Administrator/go/pkg/mod/github.com/gogf/gf/v2@v2.3.1/net/ghttp/ghttp_request_middleware.go:95
11. github.com/gogf/gf/v2/util/gutil.TryCatch
    C:/Users/Administrator/go/pkg/mod/github.com/gogf/gf/v2@v2.3.1/util/gutil/gutil.go:56
12. github.com/gogf/gf/v2/net/ghttp.(*middleware).Next
    C:/Users/Administrator/go/pkg/mod/github.com/gogf/gf/v2@v2.3.1/net/ghttp/ghttp_request_middleware.go:49
13. github.com/gogf/gf/v2/net/ghttp.internalMiddlewareServerTracing
    C:/Users/Administrator/go/pkg/mod/github.com/gogf/gf/v2@v2.3.1/net/ghttp/ghttp_middleware_tracing.go:78
14. github.com/gogf/gf/v2/net/ghttp.(*middleware).Next.func1.5
    C:/Users/Administrator/go/pkg/mod/github.com/gogf/gf/v2@v2.3.1/net/ghttp/ghttp_request_middleware.go:96
15. github.com/gogf/gf/v2/net/ghttp.niceCallFunc
    C:/Users/Administrator/go/pkg/mod/github.com/gogf/gf/v2@v2.3.1/net/ghttp/ghttp_func.go:55
16. github.com/gogf/gf/v2/net/ghttp.(*middleware).Next.func1
    C:/Users/Administrator/go/pkg/mod/github.com/gogf/gf/v2@v2.3.1/net/ghttp/ghttp_request_middleware.go:95
17. github.com/gogf/gf/v2/util/gutil.TryCatch
    C:/Users/Administrator/go/pkg/mod/github.com/gogf/gf/v2@v2.3.1/util/gutil/gutil.go:56
18. github.com/gogf/gf/v2/net/ghttp.(*middleware).Next
    C:/Users/Administrator/go/pkg/mod/github.com/gogf/gf/v2@v2.3.1/net/ghttp/ghttp_request_middleware.go:49
19. github.com/gogf/gf/v2/net/ghttp.(*Server).ServeHTTP
    C:/Users/Administrator/go/pkg/mod/github.com/gogf/gf/v2@v2.3.1/net/ghttp/ghttp_server_handler.go:132

2023-02-09 16:29:24.989 [ERRO] errorHandler.go:16: exception recovered: handler_api_test_panic 抛出异常
Stack:
1.  demo_backend/middleware.MiddlewareErrorHandler
    C:/Users/Administrator/Desktop/demo_backend/middleware/errorHandler.go:16
2.  github.com/gogf/gf/v2/net/ghttp.(*middleware).Next.func1.5
    C:/Users/Administrator/go/pkg/mod/github.com/gogf/gf/v2@v2.3.1/net/ghttp/ghttp_request_middleware.go:96
3.  github.com/gogf/gf/v2/net/ghttp.niceCallFunc
    C:/Users/Administrator/go/pkg/mod/github.com/gogf/gf/v2@v2.3.1/net/ghttp/ghttp_func.go:55
4.  github.com/gogf/gf/v2/net/ghttp.(*middleware).Next.func1
    C:/Users/Administrator/go/pkg/mod/github.com/gogf/gf/v2@v2.3.1/net/ghttp/ghttp_request_middleware.go:95
5.  github.com/gogf/gf/v2/util/gutil.TryCatch
    C:/Users/Administrator/go/pkg/mod/github.com/gogf/gf/v2@v2.3.1/util/gutil/gutil.go:56
6.  github.com/gogf/gf/v2/net/ghttp.(*middleware).Next
    C:/Users/Administrator/go/pkg/mod/github.com/gogf/gf/v2@v2.3.1/net/ghttp/ghttp_request_middleware.go:49
7.  demo_backend/middleware.MiddlewareLog
    C:/Users/Administrator/Desktop/demo_backend/middleware/middlewareLog.go:10
8.  github.com/gogf/gf/v2/net/ghttp.(*middleware).Next.func1.5
    C:/Users/Administrator/go/pkg/mod/github.com/gogf/gf/v2@v2.3.1/net/ghttp/ghttp_request_middleware.go:96
9.  github.com/gogf/gf/v2/net/ghttp.niceCallFunc
    C:/Users/Administrator/go/pkg/mod/github.com/gogf/gf/v2@v2.3.1/net/ghttp/ghttp_func.go:55
10. github.com/gogf/gf/v2/net/ghttp.(*middleware).Next.func1
    C:/Users/Administrator/go/pkg/mod/github.com/gogf/gf/v2@v2.3.1/net/ghttp/ghttp_request_middleware.go:95
11. github.com/gogf/gf/v2/util/gutil.TryCatch
    C:/Users/Administrator/go/pkg/mod/github.com/gogf/gf/v2@v2.3.1/util/gutil/gutil.go:56
12. github.com/gogf/gf/v2/net/ghttp.(*middleware).Next
    C:/Users/Administrator/go/pkg/mod/github.com/gogf/gf/v2@v2.3.1/net/ghttp/ghttp_request_middleware.go:49
13. github.com/gogf/gf/v2/net/ghttp.internalMiddlewareServerTracing
    C:/Users/Administrator/go/pkg/mod/github.com/gogf/gf/v2@v2.3.1/net/ghttp/ghttp_middleware_tracing.go:78
14. github.com/gogf/gf/v2/net/ghttp.(*middleware).Next.func1.5
    C:/Users/Administrator/go/pkg/mod/github.com/gogf/gf/v2@v2.3.1/net/ghttp/ghttp_request_middleware.go:96
15. github.com/gogf/gf/v2/net/ghttp.niceCallFunc
    C:/Users/Administrator/go/pkg/mod/github.com/gogf/gf/v2@v2.3.1/net/ghttp/ghttp_func.go:55
16. github.com/gogf/gf/v2/net/ghttp.(*middleware).Next.func1
    C:/Users/Administrator/go/pkg/mod/github.com/gogf/gf/v2@v2.3.1/net/ghttp/ghttp_request_middleware.go:95
17. github.com/gogf/gf/v2/util/gutil.TryCatch
    C:/Users/Administrator/go/pkg/mod/github.com/gogf/gf/v2@v2.3.1/util/gutil/gutil.go:56
18. github.com/gogf/gf/v2/net/ghttp.(*middleware).Next
    C:/Users/Administrator/go/pkg/mod/github.com/gogf/gf/v2@v2.3.1/net/ghttp/ghttp_request_middleware.go:49
19. github.com/gogf/gf/v2/net/ghttp.(*Server).ServeHTTP
    C:/Users/Administrator/go/pkg/mod/github.com/gogf/gf/v2@v2.3.1/net/ghttp/ghttp_server_handler.go:132

